[debug] [2026-04-13T10:50:53.891Z] ----------------------------------------------------------------------
[debug] [2026-04-13T10:50:53.895Z] Command:       /usr/local/bin/node /usr/local/bin/firebase deploy --only hosting --non-interactive
[debug] [2026-04-13T10:50:53.896Z] CLI Version:   15.12.0
[debug] [2026-04-13T10:50:53.896Z] Platform:      linux
[debug] [2026-04-13T10:50:53.896Z] Node Version:  v22.22.2
[debug] [2026-04-13T10:50:53.897Z] Time:          Mon Apr 13 2026 10:50:53 GMT+0000 (Coordinated Universal Time)
[debug] [2026-04-13T10:50:53.897Z] ----------------------------------------------------------------------
[debug] 
[debug] [2026-04-13T10:50:53.900Z] >>> [apiv2][query] GET https://firebase-public.firebaseio.com/cli.json [none]
[debug] [2026-04-13T10:50:59.998Z] > command requires scopes: ["email","openid","https://www.googleapis.com/auth/cloudplatformprojects.readonly","https://www.googleapis.com/auth/firebase","https://www.googleapis.com/auth/cloud-platform"]
[debug] [2026-04-13T10:51:00.045Z] Running auto auth
[debug] [2026-04-13T10:51:00.050Z] [iam] checking project cosmic-flux-479001-c0 for permissions ["firebase.projects.get","firebasehosting.sites.update"]
[debug] [2026-04-13T10:51:00.051Z] No OAuth tokens found
[debug] [2026-04-13T10:51:00.051Z] >>> [apiv2][query] POST https://cloudresourcemanager.googleapis.com/v1/projects/cosmic-flux-479001-c0:testIamPermissions [none]
[debug] [2026-04-13T10:51:00.051Z] >>> [apiv2][(partial)header] POST https://cloudresourcemanager.googleapis.com/v1/projects/cosmic-flux-479001-c0:testIamPermissions  x-goog-user-project=cosmic-flux-479001-c0
[debug] [2026-04-13T10:51:00.051Z] >>> [apiv2][body] POST https://cloudresourcemanager.googleapis.com/v1/projects/cosmic-flux-479001-c0:testIamPermissions {"permissions":["firebase.projects.get","firebasehosting.sites.update"]}
[debug] [2026-04-13T10:51:00.386Z] <<< [apiv2][status] GET https://firebase-public.firebaseio.com/cli.json 200
[debug] [2026-04-13T10:51:00.386Z] <<< [apiv2][body] GET https://firebase-public.firebaseio.com/cli.json {"cloudBuildErrorAfter":1594252800000,"cloudBuildWarnAfter":1590019200000,"defaultNode10After":1594252800000,"minVersion":"3.0.5","node8DeploysDisabledAfter":1613390400000,"node8RuntimeDisabledAfter":1615809600000,"node8WarnAfter":1600128000000}
[debug] [2026-04-13T10:51:01.135Z] <<< [apiv2][status] POST https://cloudresourcemanager.googleapis.com/v1/projects/cosmic-flux-479001-c0:testIamPermissions 403
[debug] [2026-04-13T10:51:01.135Z] <<< [apiv2][body] POST https://cloudresourcemanager.googleapis.com/v1/projects/cosmic-flux-479001-c0:testIamPermissions {"error":{"code":403,"message":"Caller does not have required permission to use project cosmic-flux-479001-c0. Grant the caller the roles/serviceusage.serviceUsageConsumer role, or a custom role with the serviceusage.services.use permission, by visiting https://console.developers.google.com/iam-admin/iam?project=cosmic-flux-479001-c0 and then retry. Propagation of the new permission may take a few minutes.","status":"PERMISSION_DENIED","details":[{"@type":"type.googleapis.com/google.rpc.ErrorInfo","reason":"USER_PROJECT_DENIED","domain":"googleapis.com","metadata":{"containerInfo":"cosmic-flux-479001-c0","service":"cloudresourcemanager.googleapis.com","consoleUrl":"https://console.developers.google.com/iam-admin/iam?project=cosmic-flux-479001-c0","consumer":"projects/cosmic-flux-479001-c0"}},{"@type":"type.googleapis.com/google.rpc.LocalizedMessage","locale":"en-US","message":"Caller does not have required permission to use project cosmic-flux-479001-c0. Grant the caller the roles/serviceusage.serviceUsageConsumer role, or a custom role with the serviceusage.services.use permission, by visiting https://console.developers.google.com/iam-admin/iam?project=cosmic-flux-479001-c0 and then retry. Propagation of the new permission may take a few minutes."},{"@type":"type.googleapis.com/google.rpc.Help","links":[{"description":"Google developer console IAM admin","url":"https://console.developers.google.com/iam-admin/iam?project=cosmic-flux-479001-c0"}]}]}}
[debug] [2026-04-13T10:51:01.137Z] [iam] error while checking permissions, command may fail: Request to https://cloudresourcemanager.googleapis.com/v1/projects/cosmic-flux-479001-c0:testIamPermissions had HTTP Error: 403, Caller does not have required permission to use project cosmic-flux-479001-c0. Grant the caller the roles/serviceusage.serviceUsageConsumer role, or a custom role with the serviceusage.services.use permission, by visiting https://console.developers.google.com/iam-admin/iam?project=cosmic-flux-479001-c0 and then retry. Propagation of the new permission may take a few minutes.
[debug] [2026-04-13T10:51:01.138Z] No OAuth tokens found
[debug] [2026-04-13T10:51:01.138Z] >>> [apiv2][query] GET https://firebase.googleapis.com/v1beta1/projects/cosmic-flux-479001-c0 [none]
[debug] [2026-04-13T10:51:01.184Z] <<< [apiv2][status] GET https://firebase.googleapis.com/v1beta1/projects/cosmic-flux-479001-c0 403
[debug] [2026-04-13T10:51:01.185Z] <<< [apiv2][body] GET https://firebase.googleapis.com/v1beta1/projects/cosmic-flux-479001-c0 {"error":{"code":403,"message":"Firebase Management API has not been used in project 183476912607 before or it is disabled. Enable it by visiting https://console.developers.google.com/apis/api/firebase.googleapis.com/overview?project=183476912607 then retry. If you enabled this API recently, wait a few minutes for the action to propagate to our systems and retry.","status":"PERMISSION_DENIED","details":[{"@type":"type.googleapis.com/google.rpc.ErrorInfo","reason":"SERVICE_DISABLED","domain":"googleapis.com","metadata":{"containerInfo":"183476912607","serviceTitle":"Firebase Management API","activationUrl":"https://console.developers.google.com/apis/api/firebase.googleapis.com/overview?project=183476912607","consumer":"projects/183476912607","service":"firebase.googleapis.com"}},{"@type":"type.googleapis.com/google.rpc.LocalizedMessage","locale":"en-US","message":"Firebase Management API has not been used in project 183476912607 before or it is disabled. Enable it by visiting https://console.developers.google.com/apis/api/firebase.googleapis.com/overview?project=183476912607 then retry. If you enabled this API recently, wait a few minutes for the action to propagate to our systems and retry."},{"@type":"type.googleapis.com/google.rpc.Help","links":[{"description":"Google developers console API activation","url":"https://console.developers.google.com/apis/api/firebase.googleapis.com/overview?project=183476912607"}]}]}}
[debug] [2026-04-13T10:51:01.185Z] Request to https://firebase.googleapis.com/v1beta1/projects/cosmic-flux-479001-c0 had HTTP Error: 403, Firebase Management API has not been used in project 183476912607 before or it is disabled. Enable it by visiting https://console.developers.google.com/apis/api/firebase.googleapis.com/overview?project=183476912607 then retry. If you enabled this API recently, wait a few minutes for the action to propagate to our systems and retry.
[debug] [2026-04-13T10:51:01.186Z] FirebaseError: Request to https://firebase.googleapis.com/v1beta1/projects/cosmic-flux-479001-c0 had HTTP Error: 403, Firebase Management API has not been used in project 183476912607 before or it is disabled. Enable it by visiting https://console.developers.google.com/apis/api/firebase.googleapis.com/overview?project=183476912607 then retry. If you enabled this API recently, wait a few minutes for the action to propagate to our systems and retry.
    at responseToError (/usr/local/lib/node_modules/firebase-tools/lib/responseToError.js:53:12)
    at RetryOperation._fn (/usr/local/lib/node_modules/firebase-tools/lib/apiv2.js:333:77)
    at process.processTicksAndRejections (node:internal/process/task_queues:103:5)
[error] 
[error] Error: Failed to get Firebase project cosmic-flux-479001-c0. Please make sure the project exists and your account has permission to access it.
